d:\projectsocket\client\controlclient\release\vc142.pdb
d:\projectsocket\client\controlclient\release\thread.obj
d:\projectsocket\client\controlclient\release\controlclient.obj
d:\projectsocket\client\controlclient\release\client.obj
d:\projectsocket\client\controlclient\release\chatbox.obj
d:\projectsocket\client\controlclient\release\controlclient.ipdb
d:\projectsocket\client\controlclient\release\controlclient.iobj
d:\projectsocket\client\controlclient\release\controlclient.exe
d:\projectsocket\client\controlclient\release\controlclient.pdb
d:\projectsocket\client\controlclient\release\controlclient.res
d:\projectsocket\client\controlclient\release\controlclient.tlog\cl.command.1.tlog
d:\projectsocket\client\controlclient\release\controlclient.tlog\cl.read.1.tlog
d:\projectsocket\client\controlclient\release\controlclient.tlog\cl.write.1.tlog
d:\projectsocket\client\controlclient\release\controlclient.tlog\controlclient.write.1u.tlog
d:\projectsocket\client\controlclient\release\controlclient.tlog\link.command.1.tlog
d:\projectsocket\client\controlclient\release\controlclient.tlog\link.read.1.tlog
d:\projectsocket\client\controlclient\release\controlclient.tlog\link.write.1.tlog
d:\projectsocket\client\controlclient\release\controlclient.tlog\rc.command.1.tlog
d:\projectsocket\client\controlclient\release\controlclient.tlog\rc.read.1.tlog
d:\projectsocket\client\controlclient\release\controlclient.tlog\rc.write.1.tlog
